<?xml version="1.0" encoding="UTF-8"?>
<!-- Generated by org.testng.reporters.JUnitXMLReporter -->
<testsuite hostname="DESKTOP-96NNTLC" ignored="0" name="Order Place" tests="6" failures="0" timestamp="2023-01-24T20:11:41 IST" time="155.858" errors="0">
  <testcase name="placeOder" time="15.904" classname="Luma_Tests.OrderPlaceTest">
    <skipped/>
  </testcase> <!-- placeOder -->
  <testcase name="placeOder" time="15.188" classname="Luma_Tests.OrderPlaceTest">
    <skipped/>
  </testcase> <!-- placeOder -->
  <testcase name="placeOder" time="15.173" classname="Luma_Tests.OrderPlaceTest">
    <skipped/>
  </testcase> <!-- placeOder -->
  <testcase name="placeOder" time="15.23" classname="Luma_Tests.OrderPlaceTest">
    <skipped/>
  </testcase> <!-- placeOder -->
  <testcase name="placeOder" time="15.281" classname="Luma_Tests.OrderPlaceTest">
    <skipped/>
  </testcase> <!-- placeOder -->
  <testcase name="placeOder" time="53.013" classname="Luma_Tests.OrderPlaceTest"/>
</testsuite> <!-- Order Place -->
