<?xml version="1.0" encoding="UTF-8"?>
<!-- Generated by org.testng.reporters.JUnitXMLReporter -->
<testsuite hostname="DESKTOP-96NNTLC" ignored="4" name="Test" tests="4" failures="2" timestamp="2023-01-22T21:29:22 IST" time="56.02" errors="0">
  <testcase name="SignIn" time="10.374" classname="Luma_Tests.SignInTest"/>
  <testcase name="SignIn" time="6.481" classname="Luma_Tests.SignInTest"/>
  <testcase name="CreateAccount" time="0.003" classname="Luma_Tests.CreateAccountTest">
    <failure type="java.lang.NullPointerException">
      <![CDATA[java.lang.NullPointerException
at Luma_Tests.CreateAccountTest.CreateAccount(CreateAccountTest.java:19)
at java.util.ArrayList.forEach(Unknown Source)
... Removed 27 stack frames]]>
    </failure>
  </testcase> <!-- CreateAccount -->
  <testcase name="CreateAccount" time="0.031" classname="Luma_Tests.CreateAccountTest">
    <failure type="java.lang.NullPointerException">
      <![CDATA[java.lang.NullPointerException
at Luma_TestComponents.BaseTest.getScreenshot(BaseTest.java:90)
at Luma_TestComponents.Listeners.onTestFailure(Listeners.java:53)
at java.util.ArrayList.forEach(Unknown Source)
... Removed 24 stack frames]]>
    </failure>
  </testcase> <!-- CreateAccount -->
  <testcase name="@AfterTest closeApp" time="0.0" classname="Luma_TestComponents.BaseTest">
    <ignored/>
  </testcase> <!-- @AfterTest closeApp -->
  <testcase name="@AfterTest closeApp" time="0.0" classname="Luma_TestComponents.BaseTest">
    <ignored/>
  </testcase> <!-- @AfterTest closeApp -->
  <testcase name="@BeforeTest initializeApp" time="0.0" classname="Luma_TestComponents.BaseTest">
    <ignored/>
  </testcase> <!-- @BeforeTest initializeApp -->
  <testcase name="@BeforeTest initializeApp" time="0.0" classname="Luma_TestComponents.BaseTest">
    <ignored/>
  </testcase> <!-- @BeforeTest initializeApp -->
</testsuite> <!-- Test -->
